PLINK v1.9.0-b.7.7 64-bit (22 Oct 2024)
Options in effect:
  --bfile D:/Projects/R_project/GS/CropGBM/testdata/result\data_qc
  --out D:/Projects/R_project/GS/CropGBM/testdata/result\data_qc
  --recode vcf

Hostname: HE
Working directory: D:\Projects\R_project\ForestGS\src
Start time: Tue Feb 04 09:32:26 2025

Random number seed: 1738632746
16115 MB RAM detected; reserving 8057 MB for main workspace.
462 variants loaded from .bim file.
300 people (0 males, 0 females, 300 ambiguous) loaded from .fam.
Ambiguous sex IDs written to
D:/Projects/R_project/GS/CropGBM/testdata/result\data_qc.nosex .
Using 1 thread (no multithreaded calculations invoked).
Before main variant filters, 300 founders and 0 nonfounders present.
Calculating allele frequencies... done.
Total genotyping rate is exactly 1.
462 variants and 300 people pass filters and QC.
Note: No phenotypes present.
Warning: Underscore(s) present in sample IDs.
--recode vcf to D:/Projects/R_project/GS/CropGBM/testdata/result\data_qc.vcf
... done.

End time: Tue Feb 04 09:32:26 2025
