PLINK v1.9.0-b.7.7 64-bit (22 Oct 2024)
Options in effect:
  --file D:/Projects/R_project/GS/CropGBM/testdata/genofile
  --make-bed
  --out D:/Projects/R_project/GS/CropGBM/testdata\result\data_qc_temp

Hostname: HE
Working directory: D:\Projects\R_project\ForestGS\src
Start time: Tue Feb 04 09:06:15 2025

Random number seed: 1738631175
16115 MB RAM detected; reserving 8057 MB for main workspace.
Scanning .ped file... done.
Performing single-pass .bed write (472 variants, 300 people).
--file:
D:/Projects/R_project/GS/CropGBM/testdata\result\data_qc_temp-temporary.bed +
D:/Projects/R_project/GS/CropGBM/testdata\result\data_qc_temp-temporary.bim +
D:/Projects/R_project/GS/CropGBM/testdata\result\data_qc_temp-temporary.fam
written.
472 variants loaded from .bim file.
300 people (0 males, 0 females, 300 ambiguous) loaded from .fam.
Ambiguous sex IDs written to
D:/Projects/R_project/GS/CropGBM/testdata\result\data_qc_temp.nosex .
Using 1 thread (no multithreaded calculations invoked).
Before main variant filters, 300 founders and 0 nonfounders present.
Calculating allele frequencies... done.
Total genotyping rate is exactly 1.
472 variants and 300 people pass filters and QC.
Note: No phenotypes present.
--make-bed to D:/Projects/R_project/GS/CropGBM/testdata\result\data_qc_temp.bed
+ D:/Projects/R_project/GS/CropGBM/testdata\result\data_qc_temp.bim +
D:/Projects/R_project/GS/CropGBM/testdata\result\data_qc_temp.fam ... done.

End time: Tue Feb 04 09:06:16 2025
